2023-11-26 07:04:30,300 - WARNING - InfoBot is running...
2023-11-26 07:33:33,905 - WARNING - Update v2<>test4(-716792704) to by David Ding(5327851721) to new name: v2<>test4_v2
2023-11-26 07:37:12,652 - WARNING - InfoBot is running...
2023-11-26 07:37:23,023 - WARNING - InfoBot is running...
2023-11-26 07:37:38,583 - WARNING - Update v2<>test4_v2(-716792704) by David Ding(5327851721) to new name: v2<>test4_v3
2023-11-26 07:38:13,748 - WARNING - David Ding(5327851721) has no permission to do operation to announcement bot.
2023-11-26 07:40:17,127 - WARNING - David Ding(5327851721) has no permission to do operation to announcement bot.
2023-11-26 07:40:25,326 - WARNING - InfoBot is running...
2023-11-26 07:40:35,907 - WARNING - Delete v2<>test4_v3(-716792704) from AnnouncementDB.ChatInfo by David Ding(5327851721)
2023-11-26 08:17:10,709 - WARNING - InfoBot is running...
2023-11-26 08:17:22,632 - WARNING - Add v2<>test4_v3(-716792704) to AnnouncementDB.ChatInfo by David Ding(5327851721)
2023-11-26 09:18:41,764 - WARNING - test_channel(-1001604659147) already in AnnouncementDB.ChatInfo
2023-11-26 09:18:41,766 - WARNING - WOO X Announcements(beta)(-1001642156022) already in AnnouncementDB.ChatInfo
2023-11-26 09:18:41,767 - WARNING - test1111(-676782856) already in AnnouncementDB.ChatInfo
2023-11-26 09:18:41,768 - WARNING - WOO OPS (chat group)(-1001538408927) already in AnnouncementDB.ChatInfo
2023-11-26 09:18:41,770 - WARNING - v2test2(-887374268) already in AnnouncementDB.ChatInfo
2023-11-26 09:18:41,771 - WARNING - v2test3(-951496811) already in AnnouncementDB.ChatInfo
2023-11-26 09:18:41,772 - WARNING - v2test5(-884940170) already in AnnouncementDB.ChatInfo
2023-11-26 09:18:41,773 - WARNING - v2test6(-979601212) already in AnnouncementDB.ChatInfo
2023-11-26 09:18:41,774 - WARNING - v2test7(-690886544) already in AnnouncementDB.ChatInfo
2023-11-26 09:18:41,776 - WARNING - v2test8(-944613232) already in AnnouncementDB.ChatInfo
2023-11-26 09:18:41,777 - WARNING - v2test9(-935766348) already in AnnouncementDB.ChatInfo
2023-11-26 09:18:41,778 - WARNING - v2test10(-881926759) already in AnnouncementDB.ChatInfo
2023-11-26 09:18:41,779 - WARNING - v2test11(-990449824) already in AnnouncementDB.ChatInfo
2023-11-26 09:18:41,780 - WARNING - v2fomal(-817139371) already in AnnouncementDB.ChatInfo
2023-11-26 09:18:41,781 - WARNING - WOO Network <> Chainlink(-548925013) already in AnnouncementDB.ChatInfo
2023-11-26 09:18:41,783 - WARNING - Woo X <> Quantower(-1001409793389) already in AnnouncementDB.ChatInfo
2023-11-26 09:18:41,784 - WARNING - HaasOnline <> WOO X(-1001190302330) already in AnnouncementDB.ChatInfo
2023-11-26 09:18:41,785 - WARNING - Tealstreet <> WOO X(-873922820) already in AnnouncementDB.ChatInfo
2023-11-26 09:18:41,786 - WARNING - CyberX <> WOO X (DMM)(-647594100) already in AnnouncementDB.ChatInfo
2023-11-26 09:18:41,787 - WARNING - Riverside <> WOO X (DMM)(-607843156) already in AnnouncementDB.ChatInfo
2023-11-26 09:18:41,788 - WARNING - Radical Alpha <> WOO X (DMM)(-928781770) already in AnnouncementDB.ChatInfo
2023-11-26 09:18:41,790 - WARNING - AlphaRock Trading <> WOO X (DMM)(-900899433) already in AnnouncementDB.ChatInfo
2023-11-26 09:18:41,791 - WARNING - DeepCapital <> WOO X (DMM)(-972055805) already in AnnouncementDB.ChatInfo
2023-11-26 09:18:41,792 - WARNING - ProfitView <> WOO X(-668176838) already in AnnouncementDB.ChatInfo
2023-11-26 09:18:41,793 - WARNING - CryptoStruct <> WOO X(-986300091) already in AnnouncementDB.ChatInfo
2023-11-26 09:18:41,794 - WARNING - Cudera <> WOO X (DMM)(-936679124) already in AnnouncementDB.ChatInfo
2023-11-26 09:18:41,795 - WARNING - WOO X <> Selini (DMM)(-1001992882959) already in AnnouncementDB.ChatInfo
2023-11-26 09:18:41,797 - WARNING - Black Code <> WOO X (DMM)(-1002040674523) already in AnnouncementDB.ChatInfo
2023-11-26 09:18:41,798 - WARNING - Ish(VIP) <> WOO(-614863864) already in AnnouncementDB.ChatInfo
2023-11-26 09:18:41,799 - WARNING - Ray(VIP) <> WOO(-869414004) already in AnnouncementDB.ChatInfo
2023-11-26 09:18:41,800 - WARNING - Jaber(VIP) <> WOO(-876290435) already in AnnouncementDB.ChatInfo
2023-11-26 09:18:41,801 - WARNING - Tobias(VIP) <> WOO(-830889795) already in AnnouncementDB.ChatInfo
2023-11-26 09:18:41,803 - WARNING - Alex(VIP) <> WOO(-723579982) already in AnnouncementDB.ChatInfo
2023-11-26 09:18:41,804 - WARNING - Escalicha (VIP) <> WOO(-496268407) already in AnnouncementDB.ChatInfo
2023-11-26 09:18:41,805 - WARNING - Jerry(VIP) <> WOO(-689160912) already in AnnouncementDB.ChatInfo
2023-11-26 09:18:41,806 - WARNING - Corrado(VIP) <> WOO X(-1001874596167) already in AnnouncementDB.ChatInfo
2023-11-26 09:18:41,807 - WARNING - Stvble <> WOO X(-1001890908785) already in AnnouncementDB.ChatInfo
2023-11-26 09:18:41,808 - WARNING - Ninsu Team <> WOO(-710287532) already in AnnouncementDB.ChatInfo
2023-11-26 09:18:41,810 - WARNING - Gains Group Aus <> WOO(-743199180) already in AnnouncementDB.ChatInfo
2023-11-26 09:18:41,811 - WARNING - T Trader x WOO Network(-670365355) already in AnnouncementDB.ChatInfo
2023-11-26 09:18:41,812 - WARNING - AB Exchange <> WOO(-1001525503748) already in AnnouncementDB.ChatInfo
2023-11-26 09:18:41,813 - WARNING - LetsKrypto <> WOO(-702022772) already in AnnouncementDB.ChatInfo
2023-11-26 09:18:41,814 - WARNING - Renaissance Research Ventures <> WOO(-687903434) already in AnnouncementDB.ChatInfo
2023-11-26 09:18:41,815 - WARNING - ZİVA <> WOO(-702950596) already in AnnouncementDB.ChatInfo
2023-11-26 09:18:41,817 - WARNING - Hugh <> WOO(-735468615) already in AnnouncementDB.ChatInfo
2023-11-26 09:18:41,818 - WARNING - Property Portfolio <> WOO(-794505119) already in AnnouncementDB.ChatInfo
2023-11-26 09:18:41,819 - WARNING - Ajaib < > Woo Network(-1001757386429) already in AnnouncementDB.ChatInfo
2023-11-26 09:18:41,820 - WARNING - Woo <> Chong(-697330854) already in AnnouncementDB.ChatInfo
2023-11-26 09:18:41,821 - WARNING - Hephaestus <> WOO (Bin)(-1001601223644) already in AnnouncementDB.ChatInfo
2023-11-26 09:18:41,822 - WARNING - Ray <> WOO(-659563628) already in AnnouncementDB.ChatInfo
2023-11-26 09:18:41,824 - WARNING - Bit.com<>Wootrade (settlement)(-507117351) already in AnnouncementDB.ChatInfo
2023-11-26 09:18:41,825 - WARNING - Matrixport<>Wootrade (settlement)(-570323864) already in AnnouncementDB.ChatInfo
2023-11-26 09:18:41,827 - WARNING - AlphaGrep | WOO X (Hedging DeFi flows)(-777049083) already in AnnouncementDB.ChatInfo
2023-11-26 09:18:41,829 - WARNING - WOO X <> J3L Capital(-793674604) already in AnnouncementDB.ChatInfo
2023-11-26 09:18:41,830 - WARNING - Marcus(VIP) <> WOO(-634164023) already in AnnouncementDB.ChatInfo
2023-11-26 09:18:41,831 - WARNING - Bryan Goh(VIP) <> WOO X(-929151139) already in AnnouncementDB.ChatInfo
2023-11-26 09:18:41,832 - WARNING - Thomas(VIP) <> WOO(-681664914) already in AnnouncementDB.ChatInfo
2023-11-26 09:18:41,834 - WARNING - Abhishek(VIP) <> WOO(-676077361) already in AnnouncementDB.ChatInfo
2023-11-26 09:18:41,835 - WARNING - Glemanie(VIP) <> WOO(-864621102) already in AnnouncementDB.ChatInfo
2023-11-26 09:18:41,836 - WARNING - Abdulqadir(VIP) <> WOO(-820693501) already in AnnouncementDB.ChatInfo
2023-11-26 09:18:41,837 - WARNING - Enrico(VIP) <> WOO(-879876542) already in AnnouncementDB.ChatInfo
2023-11-26 09:18:41,838 - WARNING - Nicola(VIP) <> WOO(-844418981) already in AnnouncementDB.ChatInfo
2023-11-26 09:18:41,839 - WARNING - Ice(VIP) <> WOO(-600428817) already in AnnouncementDB.ChatInfo
2023-11-26 09:18:41,841 - WARNING - Aaron(VIP) <> WOO(-916366453) already in AnnouncementDB.ChatInfo
2023-11-26 09:18:41,843 - WARNING - Reza(VIP) <> WOO X(-877439816) already in AnnouncementDB.ChatInfo
2023-11-26 09:18:41,844 - WARNING - Huub(VIP) <> WOO X(-1001882833350) already in AnnouncementDB.ChatInfo
2023-11-26 09:18:41,845 - WARNING - Martin Barrett(VIP) <> WOO X(-989613056) already in AnnouncementDB.ChatInfo
2023-11-26 09:18:41,846 - WARNING - Anunnaki <> WOO X(-911943755) already in AnnouncementDB.ChatInfo
2023-11-26 09:18:41,847 - WARNING - SNZ <> WOO Network(-782528216) already in AnnouncementDB.ChatInfo
2023-11-26 09:18:41,848 - WARNING - Amber <> WOO(-1001812920979) already in AnnouncementDB.ChatInfo
2023-11-26 09:18:41,850 - WARNING - 21 CT Research <> WOO(-1001912332863) already in AnnouncementDB.ChatInfo
2023-11-26 09:18:41,851 - WARNING - Airavata <> WOO(-625185579) already in AnnouncementDB.ChatInfo
2023-11-26 09:18:41,852 - WARNING - Tensor <> WOO(-658907316) already in AnnouncementDB.ChatInfo
2023-11-26 09:18:41,854 - WARNING - WOO X <> AMH & CypherMines & Freequest Capital(-504930687) already in AnnouncementDB.ChatInfo
2023-11-26 09:18:41,855 - WARNING - Antalpha trade <> WOO(-741587399) already in AnnouncementDB.ChatInfo
2023-11-26 09:18:41,856 - WARNING - Delta <> WOO(-403036173) already in AnnouncementDB.ChatInfo
2023-11-26 09:18:41,857 - WARNING - BitADX <> WOO(-1001902178373) already in AnnouncementDB.ChatInfo
2023-11-26 09:18:41,858 - WARNING - Bitwell <> WOO(-592147967) already in AnnouncementDB.ChatInfo
2023-11-26 09:18:41,859 - WARNING - QCP <> WOO(-511430271) already in AnnouncementDB.ChatInfo
2023-11-26 09:18:41,860 - WARNING - Tokenize <> WOO(-680019171) already in AnnouncementDB.ChatInfo
2023-11-26 09:18:41,862 - WARNING - WVB Management OU <> WOO(-544527732) already in AnnouncementDB.ChatInfo
2023-11-26 09:18:41,863 - WARNING - Baekdu <> WOO(-504869574) already in AnnouncementDB.ChatInfo
2023-11-26 09:18:41,864 - WARNING - Mizar <> WOO X (brokerage)(-759497627) already in AnnouncementDB.ChatInfo
2023-11-26 09:18:41,865 - WARNING - Nash <> WOO(-465720554) already in AnnouncementDB.ChatInfo
2023-11-26 09:18:41,866 - WARNING - Seven Artisans <> WOO(-1001931930806) already in AnnouncementDB.ChatInfo
2023-11-26 09:18:41,868 - WARNING - Hyfa <> WOO(-590973206) already in AnnouncementDB.ChatInfo
2023-11-26 09:18:41,869 - WARNING - Mkseom <> WOO (Algo Trading Team)(-649834696) already in AnnouncementDB.ChatInfo
2023-11-26 09:18:41,870 - WARNING - FP Data <> WOO X(-800096149) already in AnnouncementDB.ChatInfo
2023-11-26 09:18:41,871 - WARNING - DAMS Group(Selva) <> WOO X(-1001913388523) already in AnnouncementDB.ChatInfo
2023-11-26 09:18:41,872 - WARNING - Skito(VIP) <> WOO(-778094732) already in AnnouncementDB.ChatInfo
2023-11-26 09:18:41,873 - WARNING - Justin (VIP) <> WOO(-830519649) already in AnnouncementDB.ChatInfo
2023-11-26 09:18:41,875 - WARNING - René (VIP) <> WOO(-732329771) already in AnnouncementDB.ChatInfo
2023-11-26 09:18:41,876 - WARNING - WOO Network <> Blue Fire Capital(-433302605) already in AnnouncementDB.ChatInfo
2023-11-26 09:18:41,877 - WARNING - Vincent <> WOO(-531299430) already in AnnouncementDB.ChatInfo
2023-11-26 09:18:41,878 - WARNING - SWD <> WOO(-674388355) already in AnnouncementDB.ChatInfo
2023-11-26 09:18:41,879 - WARNING - WOO Network <> BTSE(-1001416795432) already in AnnouncementDB.ChatInfo
2023-11-26 09:18:41,880 - WARNING - WOO X <> Kronos(-1001660464572) already in AnnouncementDB.ChatInfo
2023-11-26 09:18:41,882 - WARNING - Junes(VIP) <> WOO(-633734309) already in AnnouncementDB.ChatInfo
2023-11-26 09:18:41,883 - WARNING - Formula <> WOO X (DMM)(-919220216) already in AnnouncementDB.ChatInfo
2023-11-26 09:18:41,884 - WARNING - Kronos Ares <> WOO X (DMM)(-993061677) already in AnnouncementDB.ChatInfo
2023-11-26 09:18:41,885 - WARNING - Kronos <> WOO X (DMM)(-934837655) already in AnnouncementDB.ChatInfo
2023-11-26 09:18:41,886 - WARNING - KJ <> WOO X (DMM)(-917915783) already in AnnouncementDB.ChatInfo
2023-11-26 09:18:41,887 - WARNING - Lbank <> WOO(-568227874) already in AnnouncementDB.ChatInfo
2023-11-26 09:18:41,889 - WARNING - Fairdesk <> WOO(-763353619) already in AnnouncementDB.ChatInfo
2023-11-26 09:18:41,890 - WARNING - Qinchao <> WOO (Sophen)(-513872782) already in AnnouncementDB.ChatInfo
2023-11-26 09:18:41,891 - WARNING - AKG <> WOO(-634242662) already in AnnouncementDB.ChatInfo
2023-11-26 09:18:41,892 - WARNING - TriiiX WooX Margin Call(-1001753950624) already in AnnouncementDB.ChatInfo
2023-11-26 09:18:41,894 - WARNING - Smart Vega<>Wootrade(-1001650139888) already in AnnouncementDB.ChatInfo
2023-11-26 09:18:41,895 - WARNING - woo&coinup流动性合作(-750043911) already in AnnouncementDB.ChatInfo
2023-11-26 09:18:41,897 - WARNING - Defits/ Richwell <> WOO(-847959485) already in AnnouncementDB.ChatInfo
2023-11-26 09:18:41,898 - WARNING - WOO <> Mexo (TruBit)(-548047690) already in AnnouncementDB.ChatInfo
2023-11-26 09:18:41,899 - WARNING - Expecto (VIP) <> WOO(-847619010) already in AnnouncementDB.ChatInfo
2023-11-26 09:18:41,900 - WARNING - 雷司紀Ray <> WOO(-1001931160708) already in AnnouncementDB.ChatInfo
2023-11-26 09:18:41,901 - WARNING - LBank2 <> WOO(-1001986922790) already in AnnouncementDB.ChatInfo
2023-11-26 09:18:41,902 - WARNING - Skynetwork <> WOO(-728820375) already in AnnouncementDB.ChatInfo
2023-11-26 09:18:41,904 - WARNING - Vincero <> WOO(-758950385) already in AnnouncementDB.ChatInfo
2023-11-26 09:18:41,905 - WARNING - WIZ <> WOO(-538165256) already in AnnouncementDB.ChatInfo
2023-11-26 09:18:41,906 - WARNING - Deal <> WOO(-556451761) already in AnnouncementDB.ChatInfo
2023-11-26 09:18:41,907 - WARNING - Oneboat <> WOO(-561157689) already in AnnouncementDB.ChatInfo
2023-11-26 09:18:41,908 - WARNING - ACE <> WOO(-554395040) already in AnnouncementDB.ChatInfo
2023-11-26 09:18:41,909 - WARNING - Principal 68 <> WOO(-748225671) already in AnnouncementDB.ChatInfo
2023-11-26 09:18:41,911 - WARNING - JZquant <> WOO(-716531616) already in AnnouncementDB.ChatInfo
2023-11-26 09:18:41,912 - WARNING - Antelope <> WOO(-762215122) already in AnnouncementDB.ChatInfo
2023-11-26 09:18:41,913 - WARNING - Hot <> WOO(-506149912) already in AnnouncementDB.ChatInfo
2023-11-26 09:18:41,914 - WARNING - Coinex <> WOO(-573380898) already in AnnouncementDB.ChatInfo
2023-11-26 09:18:41,915 - WARNING - Wisebitcoin <> WOO(-508463449) already in AnnouncementDB.ChatInfo
2023-11-26 09:18:41,918 - WARNING - BingX <> WOO(-400084175) already in AnnouncementDB.ChatInfo
2023-11-26 09:18:41,919 - WARNING - HoyaBit <> WOO(-707821397) already in AnnouncementDB.ChatInfo
2023-11-26 09:18:41,921 - WARNING - Triiix <> WOO(-607933888) already in AnnouncementDB.ChatInfo
2023-11-26 09:18:41,922 - WARNING - Maicoin <> WOO(-445184233) already in AnnouncementDB.ChatInfo
2023-11-26 09:18:41,923 - WARNING - KoalaJump <> WOO(-1001975273064) already in AnnouncementDB.ChatInfo
2023-11-26 09:18:41,925 - WARNING - SamWut <> WOO X(-746456272) already in AnnouncementDB.ChatInfo
2023-11-26 09:18:41,926 - WARNING - Qiangwang <> WOO(-570486856) already in AnnouncementDB.ChatInfo
2023-11-26 09:18:41,928 - WARNING - Iiyo(VIP) <> WOO(-807260840) already in AnnouncementDB.ChatInfo
2023-11-26 09:18:41,929 - WARNING - Bitget <> WOO(-706479826) already in AnnouncementDB.ChatInfo
2023-11-26 09:18:41,931 - WARNING - Coinegg <> WOO(-713242493) already in AnnouncementDB.ChatInfo
2023-11-26 09:18:41,932 - WARNING - Asymmetries <> WOO(-411813946) already in AnnouncementDB.ChatInfo
2023-11-26 09:18:41,933 - WARNING - BYDFi.com <> WOO(-578561601) already in AnnouncementDB.ChatInfo
2023-11-26 09:18:41,934 - WARNING - 知猪侠 <> WOO(-754802757) already in AnnouncementDB.ChatInfo
2023-11-26 09:18:41,935 - WARNING - Axiom Quant <> WOO(-689461928) already in AnnouncementDB.ChatInfo
2023-11-26 09:18:41,937 - WARNING - Coin919 <> WOO(-451910625) already in AnnouncementDB.ChatInfo
2023-11-26 09:18:41,938 - WARNING - Evolution Cap <> WOO(-501083756) already in AnnouncementDB.ChatInfo
2023-11-26 09:18:41,939 - WARNING - Hashkey <> WOO(-707971791) already in AnnouncementDB.ChatInfo
2023-11-26 09:18:41,940 - WARNING - Hi.com <> WOO(-1001696324761) already in AnnouncementDB.ChatInfo
2023-11-26 09:18:41,941 - WARNING - IDEG <> WOO(-661765305) already in AnnouncementDB.ChatInfo
2023-11-26 09:18:41,942 - WARNING - BitForex <> WOO(-797673061) already in AnnouncementDB.ChatInfo
2023-11-26 09:18:41,943 - WARNING - BQuant <> WOO(-666960930) already in AnnouncementDB.ChatInfo
2023-11-26 09:18:41,944 - WARNING - BT <> WOO(-573388240) already in AnnouncementDB.ChatInfo
2023-11-26 09:18:41,945 - WARNING - JunZ <> WOO X(-582199437) already in AnnouncementDB.ChatInfo
2023-11-26 09:18:41,946 - WARNING - Kernel trading <> WOO(-718653635) already in AnnouncementDB.ChatInfo
2023-11-26 09:18:41,947 - WARNING - MoonXBT <> WOO(-751185507) already in AnnouncementDB.ChatInfo
2023-11-26 09:18:41,948 - WARNING - Mowcapital <> WOO(-792316573) already in AnnouncementDB.ChatInfo
2023-11-26 09:18:41,950 - WARNING - QSQ <> WOO(-793903501) already in AnnouncementDB.ChatInfo
2023-11-26 09:18:41,951 - WARNING - 金可可 <> woo(-509407360) already in AnnouncementDB.ChatInfo
2023-11-26 09:18:41,952 - WARNING - Bitmart <> WOO(-550262155) already in AnnouncementDB.ChatInfo
2023-11-26 09:18:41,954 - WARNING - Chen Gan <> WOO(-607710230) already in AnnouncementDB.ChatInfo
2023-11-26 09:18:41,955 - WARNING - Hashingbot <> WOO(-748747385) already in AnnouncementDB.ChatInfo
2023-11-26 09:18:41,956 - WARNING - MXC X WOOTRADE流动性对接群(-558010281) already in AnnouncementDB.ChatInfo
2023-11-26 09:18:41,957 - WARNING - v2<>test4_v3(-716792704) already in AnnouncementDB.ChatInfo
2023-11-26 09:18:41,957 - WARNING - Add 0 new chats to AnnouncementDB.ChatInfo
